<testsuites>
  <testsuite name="Finaktiva Creditos Digitales">
    <testcase classname="k" name="Registro" time="60.019">
      <failure message="Error (Main).(SetTestInfo).ComputeCalculusExpression()" type="ERROR">Invalid step path [Main&gt;SetTestInfo] use [x&gt;y] form</failure>
    </testcase>
    <testcase classname="k" name="Registro" time="10.043">
      <failure message="Error (Main).(SetTestInfo).ComputeCalculusExpression()" type="ERROR">Invalid step path [Main&gt;SetTestInfo] use [x&gt;y] form</failure>
    </testcase>
    <testcase classname="k" name="Registro" time="101693.131" />
    <testcase classname="k" name="Registro" time="236190.563" />
    <testcase classname="k" name="Registro" time="446400.491" />
    <testcase classname="k" name="Registro" time="483283.229" />
    <testcase classname="k" name="Registro" time="699838.212">
      <failure message="Validación Fallida: No se encontró el mensaje de exito al registrar el usuario" type="ERROR">Validación Fallida: No se encontró el mensaje de exito al registrar el usuario, running the action [Aserciones.AsercionMensajeRegistro]</failure>
    </testcase>
    <testcase classname="k" name="Registro" time="5574441.678" />
    <testcase classname="k" name="Registro" time="30498.072" />
    <testcase classname="k" name="Registro" time="475967.515" />
    <testcase classname="k" name="Registro" time="579084.828">
      <failure message="Validación Fallida: No se encontró el correo de confirmacion registro" type="ERROR">Validación Fallida: No se encontró el correo de confirmacion registro, running the action [Aserciones.AsercionAsuntoCorreo]</failure>
    </testcase>
    <testcase classname="k" name="Registro" time="694521.086" />
    <testcase classname="k" name="Registro" time="10811.497">
      <failure message="Validación Fallida: No se encontró el mensaje de exito parametrizado al registrar el usuario" type="ERROR">Validación Fallida: No se encontró el mensaje de exito parametrizado al registrar el usuario, running the action [Aserciones.AsercionMensajeRegistro]</failure>
    </testcase>
    <testcase classname="k" name="Registro" time="1197155.333">
      <failure message="Validación Fallida: No se encontró el correo de confirmacion registro" type="ERROR">Validación Fallida: No se encontró el correo de confirmacion registro, running the action [Aserciones.AsercionAsuntoCorreo]</failure>
    </testcase>
    <testcase classname="k" name="Registro" time="1487284.297" />
    <testcase classname="k" name="Registro" time="1511944.956" />
    <testcase classname="k" name="Registro" time="24674354.488">
      <failure message="Validación Fallida: No se encontró el elemento de verificacion &quot;Titulo Login&quot; en la pagina de login Finaktiva" type="ERROR">Validación Fallida: No se encontró el elemento de verificacion "Titulo Login" en la pagina de login Finaktiva, running the action [Aserciones.AsercionVerificacionUsuario]</failure>
    </testcase>
    <testcase classname="k" name="Registro" time="24968861.491" />
    <testcase classname="k" name="Registro" time="32022131.168" />
    <testcase classname="k" name="Registro" time="32110709.679" />
  </testsuite>
  <testsuite name="GreenSQA">
    <testcase classname="k" name="AutomatedTestCase" time="0" />
    <testcase classname="k" name="AutomatedTestCase" time="0" />
    <testcase classname="k" name="AutomatedTestCase" time="637727436923.519" />
    <testcase classname="k" name="AutomatedTestCase" time="637727437479.843" />
    <testcase classname="k" name="AutomatedTestCase" time="637727437875.029" />
    <testcase classname="k" name="AutomatedTestCase" time="637728236055.547">
      <failure message="Validación Fallida: No se encontró el mensaje de registro exitoso parametrizado al registrar el usuario" type="ERROR">Validación Fallida: No se encontró el mensaje de registro exitoso parametrizado al registrar el usuario, running the action [Aserciones.AsercionMensajeRegistro]</failure>
    </testcase>
  </testsuite>
</testsuites>